[[37minfo[0m] a.e.s.Slf4jLogger - Slf4jLogger started
[[37minfo[0m] a.r.Remoting - Starting remoting
[[37minfo[0m] a.r.Remoting - Remoting started; listening on addresses :[akka.tcp://greeting@192.168.0.78:2558]
[[37minfo[0m] a.e.s.Slf4jLogger - Slf4jLogger started
[[37minfo[0m] a.r.RemoteActorRefProvider$RemotingTerminator - Shutting down remote daemon.
[[37minfo[0m] a.r.RemoteActorRefProvider$RemotingTerminator - Remote daemon shut down; proceeding with flushing remote transports.
[[37minfo[0m] a.r.Remoting - Starting remoting
[[31merror[0m] a.r.t.n.NettyTransport - failed to bind to /192.168.0.78:2558, shutting down Netty transport
[[37minfo[0m] a.r.RemoteActorRefProvider$RemotingTerminator - Shutting down remote daemon.
[[37minfo[0m] a.r.RemoteActorRefProvider$RemotingTerminator - Remote daemon shut down; proceeding with flushing remote transports.
[[37minfo[0m] a.r.RemoteActorRefProvider$RemotingTerminator - Remoting shut down.
[[37minfo[0m] a.r.RemoteActorRefProvider$RemotingTerminator - Remoting shut down.
[ERROR] [05/08/2019 12:39:43.966] [greeting-akka.remote.default-remote-dispatcher-19] [akka.remote.Remoting] Remoting system has been terminated abrubtly. Attempting to shut down transports
[[37minfo[0m] a.e.s.Slf4jLogger - Slf4jLogger started
[[37minfo[0m] a.r.Remoting - Starting remoting
[[37minfo[0m] a.r.Remoting - Remoting started; listening on addresses :[akka.tcp://greeting@192.168.0.78:2558]
[[37minfo[0m] a.r.RemoteActorRefProvider$RemotingTerminator - Shutting down remote daemon.
[[37minfo[0m] a.r.RemoteActorRefProvider$RemotingTerminator - Remote daemon shut down; proceeding with flushing remote transports.
[[37minfo[0m] a.r.RemoteActorRefProvider$RemotingTerminator - Remoting shut down.
[[37minfo[0m] a.e.s.Slf4jLogger - Slf4jLogger started
[[37minfo[0m] a.r.Remoting - Starting remoting
[[37minfo[0m] a.r.Remoting - Remoting started; listening on addresses :[akka.tcp://greeting@192.168.0.78:2558]
[[37minfo[0m] a.r.RemoteActorRefProvider$RemotingTerminator - Shutting down remote daemon.
[[37minfo[0m] a.r.RemoteActorRefProvider$RemotingTerminator - Remote daemon shut down; proceeding with flushing remote transports.
[[37minfo[0m] a.r.RemoteActorRefProvider$RemotingTerminator - Remoting shut down.
[[37minfo[0m] a.e.s.Slf4jLogger - Slf4jLogger started
[[37minfo[0m] a.r.Remoting - Starting remoting
[[37minfo[0m] a.r.Remoting - Remoting started; listening on addresses :[akka.tcp://greeting@192.168.0.78:2558]
[[37minfo[0m] a.r.RemoteActorRefProvider$RemotingTerminator - Shutting down remote daemon.
[[37minfo[0m] a.r.RemoteActorRefProvider$RemotingTerminator - Remote daemon shut down; proceeding with flushing remote transports.
Oops, cannot start the server.
[[37minfo[0m] a.r.RemoteActorRefProvider$RemotingTerminator - Remoting shut down.
com.google.inject.CreationException: Unable to create injector, see the following errors:

1) Error in custom provider, scala.MatchError: akka.tcp://greeting@192.168.0.78: (of class java.lang.String)
  while locating play.api.libs.concurrent.ActorSystemProvider
  while locating akka.actor.ActorSystem
    for the 1st parameter of com.lightbend.lagom.javadsl.jackson.JacksonSerializerFactory.<init>(JacksonSerializerFactory.java:43)
  at com.lightbend.lagom.javadsl.jackson.JacksonModule.bindings(JacksonModule.scala:15):
Binding(class com.lightbend.lagom.javadsl.jackson.JacksonSerializerFactory to self) (via modules: com.google.inject.util.Modules$OverrideModule -> play.api.inject.guice.GuiceableModuleConversions$$anon$4)
  while locating com.lightbend.lagom.javadsl.jackson.JacksonSerializerFactory
    for the 1st parameter of com.lightbend.lagom.internal.javadsl.client.ServiceClientLoader.<init>(ServiceClientLoader.scala:15)
  at com.lightbend.lagom.internal.javadsl.client.ServiceClientModule.bindings(ServiceClientModule.scala:14):
Binding(class com.lightbend.lagom.internal.javadsl.client.ServiceClientLoader to self) (via modules: com.google.inject.util.Modules$OverrideModule -> play.api.inject.guice.GuiceableModuleConversions$$anon$4)
  while locating com.lightbend.lagom.internal.javadsl.client.ServiceClientLoader
    for field at com.lightbend.lagom.internal.javadsl.client.ServiceClientProvider.loader(ServiceClientLoader.scala:36)
  at com.lightbend.lagom.javadsl.client.ServiceClientGuiceSupport.bindClient(ServiceClientGuiceSupport.java:28) (via modules: com.google.inject.util.Modules$OverrideModule -> com.apuex.greeting.mapping.h2g.ServiceModule)
Caused by: scala.MatchError: akka.tcp://greeting@192.168.0.78: (of class java.lang.String)
	at akka.cluster.ClusterSettings.$anonfun$SeedNodes$1(ClusterSettings.scala:81)
	at scala.collection.TraversableLike.$anonfun$map$1(TraversableLike.scala:237)
	at scala.collection.Iterator.foreach(Iterator.scala:941)
	at scala.collection.Iterator.foreach$(Iterator.scala:941)
	at scala.collection.AbstractIterator.foreach(Iterator.scala:1429)
	at scala.collection.IterableLike.foreach(IterableLike.scala:74)
	at scala.collection.IterableLike.foreach$(IterableLike.scala:73)
	at scala.collection.AbstractIterable.foreach(Iterable.scala:56)
	at scala.collection.TraversableLike.map(TraversableLike.scala:237)
	at scala.collection.TraversableLike.map$(TraversableLike.scala:230)
	at scala.collection.AbstractTraversable.map(Traversable.scala:108)
	at akka.cluster.ClusterSettings.<init>(ClusterSettings.scala:81)
	at akka.cluster.Cluster.<init>(Cluster.scala:62)
	at akka.cluster.Cluster$.createExtension(Cluster.scala:37)
	at akka.cluster.Cluster$.createExtension(Cluster.scala:32)
	at akka.actor.ActorSystemImpl.registerExtension(ActorSystem.scala:1007)
	at akka.actor.ExtensionId.apply(Extension.scala:79)
	at akka.actor.ExtensionId.apply$(Extension.scala:78)
	at akka.cluster.Cluster$.apply(Cluster.scala:32)
	at akka.cluster.ClusterActorRefProvider.createRemoteWatcher(ClusterActorRefProvider.scala:45)
	at akka.remote.RemoteActorRefProvider.init(RemoteActorRefProvider.scala:235)
	at akka.cluster.ClusterActorRefProvider.init(ClusterActorRefProvider.scala:37)
	at akka.actor.ActorSystemImpl.liftedTree2$1(ActorSystem.scala:913)
	at akka.actor.ActorSystemImpl._start$lzycompute(ActorSystem.scala:909)
	at akka.actor.ActorSystemImpl._start(ActorSystem.scala:909)
	at akka.actor.ActorSystemImpl.start(ActorSystem.scala:931)
	at akka.actor.ActorSystem$.apply(ActorSystem.scala:258)
	at play.api.libs.concurrent.ActorSystemProvider$.start(Akka.scala:204)
	at play.api.libs.concurrent.ActorSystemProvider$.start(Akka.scala:143)
	at play.api.libs.concurrent.ActorSystemProvider.get$lzycompute(Akka.scala:109)
	at play.api.libs.concurrent.ActorSystemProvider.get(Akka.scala:109)
	at play.api.libs.concurrent.ActorSystemProvider.get(Akka.scala:106)
	at com.google.inject.internal.ProviderInternalFactory.provision(ProviderInternalFactory.java:85)
	at com.google.inject.internal.BoundProviderFactory.provision(BoundProviderFactory.java:77)
	at com.google.inject.internal.ProviderInternalFactory.circularGet(ProviderInternalFactory.java:59)
	at com.google.inject.internal.BoundProviderFactory.get(BoundProviderFactory.java:61)
	at com.google.inject.internal.SingleParameterInjector.inject(SingleParameterInjector.java:42)
	at com.google.inject.internal.SingleParameterInjector.getAll(SingleParameterInjector.java:65)
	at com.google.inject.internal.ConstructorInjector.provision(ConstructorInjector.java:113)
	at com.google.inject.internal.ConstructorInjector.construct(ConstructorInjector.java:91)
	at com.google.inject.internal.ConstructorBindingImpl$Factory.get(ConstructorBindingImpl.java:306)
	at com.google.inject.internal.ProviderToInternalFactoryAdapter.get(ProviderToInternalFactoryAdapter.java:40)
	at com.google.inject.internal.SingletonScope$1.get(SingletonScope.java:168)
	at com.google.inject.internal.InternalFactoryToProviderAdapter.get(InternalFactoryToProviderAdapter.java:39)
	at com.google.inject.internal.SingleParameterInjector.inject(SingleParameterInjector.java:42)
	at com.google.inject.internal.SingleParameterInjector.getAll(SingleParameterInjector.java:65)
	at com.google.inject.internal.ConstructorInjector.provision(ConstructorInjector.java:113)
	at com.google.inject.internal.ConstructorInjector.construct(ConstructorInjector.java:91)
	at com.google.inject.internal.ConstructorBindingImpl$Factory.get(ConstructorBindingImpl.java:306)
	at com.google.inject.internal.ProviderToInternalFactoryAdapter.get(ProviderToInternalFactoryAdapter.java:40)
	at com.google.inject.internal.SingletonScope$1.get(SingletonScope.java:168)
	at com.google.inject.internal.InternalFactoryToProviderAdapter.get(InternalFactoryToProviderAdapter.java:39)
	at com.google.inject.internal.SingleFieldInjector.inject(SingleFieldInjector.java:52)
	at com.google.inject.internal.MembersInjectorImpl.injectMembers(MembersInjectorImpl.java:147)
	at com.google.inject.internal.MembersInjectorImpl.injectAndNotify(MembersInjectorImpl.java:101)
	at com.google.inject.internal.Initializer$InjectableReference.get(Initializer.java:245)
	at com.google.inject.internal.Initializer.injectAll(Initializer.java:140)
	at com.google.inject.internal.InternalInjectorCreator.injectDynamically(InternalInjectorCreator.java:176)
	at com.google.inject.internal.InternalInjectorCreator.build(InternalInjectorCreator.java:109)
	at com.google.inject.Guice.createInjector(Guice.java:87)
	at com.google.inject.Guice.createInjector(Guice.java:78)
	at play.api.inject.guice.GuiceBuilder.injector(GuiceInjectorBuilder.scala:201)
	at play.api.inject.guice.GuiceApplicationBuilder.build(GuiceApplicationBuilder.scala:156)
	at play.api.inject.guice.GuiceApplicationLoader.load(GuiceApplicationLoader.scala:22)
	at play.core.server.ProdServerStart$.start(ProdServerStart.scala:59)
	at play.core.server.ProdServerStart$.main(ProdServerStart.scala:31)
	at play.core.server.ProdServerStart.main(ProdServerStart.scala)

2) Error in custom provider, org.jboss.netty.channel.ChannelException: Failed to bind to: /192.168.0.78:2558
  while locating play.api.libs.concurrent.ActorSystemProvider
  while locating akka.actor.ActorSystem
    for the 1st parameter of com.lightbend.lagom.javadsl.jackson.JacksonSerializerFactory.<init>(JacksonSerializerFactory.java:43)
  at com.lightbend.lagom.javadsl.jackson.JacksonModule.bindings(JacksonModule.scala:15):
Binding(class com.lightbend.lagom.javadsl.jackson.JacksonSerializerFactory to self) (via modules: com.google.inject.util.Modules$OverrideModule -> play.api.inject.guice.GuiceableModuleConversions$$anon$4)
  while locating com.lightbend.lagom.javadsl.jackson.JacksonSerializerFactory
    for the 1st parameter of com.lightbend.lagom.internal.javadsl.client.ServiceClientLoader.<init>(ServiceClientLoader.scala:15)
  at com.lightbend.lagom.internal.javadsl.client.ServiceClientModule.bindings(ServiceClientModule.scala:14):
Binding(class com.lightbend.lagom.internal.javadsl.client.ServiceClientLoader to self) (via modules: com.google.inject.util.Modules$OverrideModule -> play.api.inject.guice.GuiceableModuleConversions$$anon$4)
  while locating com.lightbend.lagom.internal.javadsl.client.ServiceClientLoader
    for field at com.lightbend.lagom.internal.javadsl.client.ServiceClientProvider.loader(ServiceClientLoader.scala:36)
  at com.lightbend.lagom.javadsl.client.ServiceClientGuiceSupport.bindClient(ServiceClientGuiceSupport.java:28) (via modules: com.google.inject.util.Modules$OverrideModule -> com.apuex.greeting.mapping.h2g.ServiceModule)
Caused by: org.jboss.netty.channel.ChannelException: Failed to bind to: /192.168.0.78:2558
	at org.jboss.netty.bootstrap.ServerBootstrap.bind(ServerBootstrap.java:272)
	at akka.remote.transport.netty.NettyTransport.$anonfun$listen$1(NettyTransport.scala:538)
	at scala.util.Success.$anonfun$map$1(Try.scala:255)
	at scala.util.Success.map(Try.scala:213)
	at scala.concurrent.Future.$anonfun$map$1(Future.scala:292)
	at scala.concurrent.impl.Promise.liftedTree1$1(Promise.scala:33)
	at scala.concurrent.impl.Promise.$anonfun$transform$1(Promise.scala:33)
	at scala.concurrent.impl.CallbackRunnable.run(Promise.scala:64)
	at akka.dispatch.BatchingExecutor$AbstractBatch.processBatch(BatchingExecutor.scala:55)
	at akka.dispatch.BatchingExecutor$BlockableBatch.$anonfun$run$1(BatchingExecutor.scala:92)
	at scala.runtime.java8.JFunction0$mcV$sp.apply(JFunction0$mcV$sp.java:23)
	at scala.concurrent.BlockContext$.withBlockContext(BlockContext.scala:85)
	at akka.dispatch.BatchingExecutor$BlockableBatch.run(BatchingExecutor.scala:92)
	at akka.dispatch.TaskInvocation.run(AbstractDispatcher.scala:40)
	at akka.dispatch.ForkJoinExecutorConfigurator$AkkaForkJoinTask.exec(ForkJoinExecutorConfigurator.scala:49)
	at akka.dispatch.forkjoin.ForkJoinTask.doExec(ForkJoinTask.java:260)
	at akka.dispatch.forkjoin.ForkJoinPool$WorkQueue.runTask(ForkJoinPool.java:1339)
	at akka.dispatch.forkjoin.ForkJoinPool.runWorker(ForkJoinPool.java:1979)
	at akka.dispatch.forkjoin.ForkJoinWorkerThread.run(ForkJoinWorkerThread.java:107)
Caused by: java.net.BindException: Address already in use
	at sun.nio.ch.Net.bind0(Native Method)
	at sun.nio.ch.Net.bind(Net.java:433)
	at sun.nio.ch.Net.bind(Net.java:425)
	at sun.nio.ch.ServerSocketChannelImpl.bind(ServerSocketChannelImpl.java:223)
	at sun.nio.ch.ServerSocketAdaptor.bind(ServerSocketAdaptor.java:74)
	at org.jboss.netty.channel.socket.nio.NioServerBoss$RegisterTask.run(NioServerBoss.java:193)
	at org.jboss.netty.channel.socket.nio.AbstractNioSelector.processTaskQueue(AbstractNioSelector.java:391)
	at org.jboss.netty.channel.socket.nio.AbstractNioSelector.run(AbstractNioSelector.java:315)
	at org.jboss.netty.channel.socket.nio.NioServerBoss.run(NioServerBoss.java:42)
	at org.jboss.netty.util.ThreadRenamingRunnable.run(ThreadRenamingRunnable.java:108)
	at org.jboss.netty.util.internal.DeadLockProofWorker$1.run(DeadLockProofWorker.java:42)
	at java.util.concurrent.ThreadPoolExecutor.runWorker(ThreadPoolExecutor.java:1149)
	at java.util.concurrent.ThreadPoolExecutor$Worker.run(ThreadPoolExecutor.java:624)
	at java.lang.Thread.run(Thread.java:748)

3) Error in custom provider, scala.MatchError: akka.tcp://greeting@192.168.0.78: (of class java.lang.String)
  while locating play.api.libs.concurrent.ActorSystemProvider
  while locating akka.actor.ActorSystem
    for the 1st parameter of com.lightbend.lagom.javadsl.jackson.JacksonSerializerFactory.<init>(JacksonSerializerFactory.java:43)
  at com.lightbend.lagom.javadsl.jackson.JacksonModule.bindings(JacksonModule.scala:15):
Binding(class com.lightbend.lagom.javadsl.jackson.JacksonSerializerFactory to self) (via modules: com.google.inject.util.Modules$OverrideModule -> play.api.inject.guice.GuiceableModuleConversions$$anon$4)
  while locating com.lightbend.lagom.javadsl.jackson.JacksonSerializerFactory
    for the 3rd parameter of com.lightbend.lagom.internal.javadsl.server.JavadslServerBuilder.<init>(JavadslServerBuilder.scala:41)
  while locating com.lightbend.lagom.internal.javadsl.server.JavadslServerBuilder
    for field at com.lightbend.lagom.internal.javadsl.server.ServiceInfoProvider.serverBuilder(ServiceInfoProvider.scala:15)
  at com.lightbend.lagom.javadsl.server.ServiceGuiceSupport$LagomServiceBuilder.bind(ServiceGuiceSupport.java:142) (via modules: com.google.inject.util.Modules$OverrideModule -> com.apuex.greeting.mapping.h2g.ServiceModule)
Caused by: scala.MatchError: akka.tcp://greeting@192.168.0.78: (of class java.lang.String)
	at akka.cluster.ClusterSettings.$anonfun$SeedNodes$1(ClusterSettings.scala:81)
	at scala.collection.TraversableLike.$anonfun$map$1(TraversableLike.scala:237)
	at scala.collection.Iterator.foreach(Iterator.scala:941)
	at scala.collection.Iterator.foreach$(Iterator.scala:941)
	at scala.collection.AbstractIterator.foreach(Iterator.scala:1429)
	at scala.collection.IterableLike.foreach(IterableLike.scala:74)
	at scala.collection.IterableLike.foreach$(IterableLike.scala:73)
	at scala.collection.AbstractIterable.foreach(Iterable.scala:56)
	at scala.collection.TraversableLike.map(TraversableLike.scala:237)
	at scala.collection.TraversableLike.map$(TraversableLike.scala:230)
	at scala.collection.AbstractTraversable.map(Traversable.scala:108)
	at akka.cluster.ClusterSettings.<init>(ClusterSettings.scala:81)
	at akka.cluster.Cluster.<init>(Cluster.scala:62)
	at akka.cluster.Cluster$.createExtension(Cluster.scala:37)
	at akka.cluster.Cluster$.createExtension(Cluster.scala:32)
	at akka.actor.ActorSystemImpl.registerExtension(ActorSystem.scala:1007)
	at akka.actor.ExtensionId.apply(Extension.scala:79)
	at akka.actor.ExtensionId.apply$(Extension.scala:78)
	at akka.cluster.Cluster$.apply(Cluster.scala:32)
	at akka.cluster.ClusterActorRefProvider.createRemoteWatcher(ClusterActorRefProvider.scala:45)
	at akka.remote.RemoteActorRefProvider.init(RemoteActorRefProvider.scala:235)
	at akka.cluster.ClusterActorRefProvider.init(ClusterActorRefProvider.scala:37)
	at akka.actor.ActorSystemImpl.liftedTree2$1(ActorSystem.scala:913)
	at akka.actor.ActorSystemImpl._start$lzycompute(ActorSystem.scala:909)
	at akka.actor.ActorSystemImpl._start(ActorSystem.scala:909)
	at akka.actor.ActorSystemImpl.start(ActorSystem.scala:931)
	at akka.actor.ActorSystem$.apply(ActorSystem.scala:258)
	at play.api.libs.concurrent.ActorSystemProvider$.start(Akka.scala:204)
	at play.api.libs.concurrent.ActorSystemProvider$.start(Akka.scala:143)
	at play.api.libs.concurrent.ActorSystemProvider.get$lzycompute(Akka.scala:109)
	at play.api.libs.concurrent.ActorSystemProvider.get(Akka.scala:109)
	at play.api.libs.concurrent.ActorSystemProvider.get(Akka.scala:106)
	at com.google.inject.internal.ProviderInternalFactory.provision(ProviderInternalFactory.java:85)
	at com.google.inject.internal.BoundProviderFactory.provision(BoundProviderFactory.java:77)
	at com.google.inject.internal.ProviderInternalFactory.circularGet(ProviderInternalFactory.java:59)
	at com.google.inject.internal.BoundProviderFactory.get(BoundProviderFactory.java:61)
	at com.google.inject.internal.SingleParameterInjector.inject(SingleParameterInjector.java:42)
	at com.google.inject.internal.SingleParameterInjector.getAll(SingleParameterInjector.java:65)
	at com.google.inject.internal.ConstructorInjector.provision(ConstructorInjector.java:113)
	at com.google.inject.internal.ConstructorInjector.construct(ConstructorInjector.java:91)
	at com.google.inject.internal.ConstructorBindingImpl$Factory.get(ConstructorBindingImpl.java:306)
	at com.google.inject.internal.ProviderToInternalFactoryAdapter.get(ProviderToInternalFactoryAdapter.java:40)
	at com.google.inject.internal.SingletonScope$1.get(SingletonScope.java:168)
	at com.google.inject.internal.InternalFactoryToProviderAdapter.get(InternalFactoryToProviderAdapter.java:39)
	at com.google.inject.internal.SingleParameterInjector.inject(SingleParameterInjector.java:42)
	at com.google.inject.internal.SingleParameterInjector.getAll(SingleParameterInjector.java:65)
	at com.google.inject.internal.ConstructorInjector.provision(ConstructorInjector.java:113)
	at com.google.inject.internal.ConstructorInjector.construct(ConstructorInjector.java:91)
	at com.google.inject.internal.ConstructorBindingImpl$Factory.get(ConstructorBindingImpl.java:306)
	at com.google.inject.internal.SingleFieldInjector.inject(SingleFieldInjector.java:52)
	at com.google.inject.internal.MembersInjectorImpl.injectMembers(MembersInjectorImpl.java:147)
	at com.google.inject.internal.MembersInjectorImpl.injectAndNotify(MembersInjectorImpl.java:101)
	at com.google.inject.internal.Initializer$InjectableReference.get(Initializer.java:245)
	at com.google.inject.internal.Initializer.injectAll(Initializer.java:140)
	at com.google.inject.internal.InternalInjectorCreator.injectDynamically(InternalInjectorCreator.java:176)
	at com.google.inject.internal.InternalInjectorCreator.build(InternalInjectorCreator.java:109)
	at com.google.inject.Guice.createInjector(Guice.java:87)
	at com.google.inject.Guice.createInjector(Guice.java:78)
	at play.api.inject.guice.GuiceBuilder.injector(GuiceInjectorBuilder.scala:201)
	at play.api.inject.guice.GuiceApplicationBuilder.build(GuiceApplicationBuilder.scala:156)
	at play.api.inject.guice.GuiceApplicationLoader.load(GuiceApplicationLoader.scala:22)
	at play.core.server.ProdServerStart$.start(ProdServerStart.scala:59)
	at play.core.server.ProdServerStart$.main(ProdServerStart.scala:31)
	at play.core.server.ProdServerStart.main(ProdServerStart.scala)

4) Error in custom provider, scala.MatchError: akka.tcp://greeting@192.168.0.78: (of class java.lang.String)
  while locating play.api.libs.concurrent.ActorSystemProvider
  while locating akka.actor.ActorSystem
    for the 1st parameter of com.lightbend.lagom.javadsl.jackson.JacksonSerializerFactory.<init>(JacksonSerializerFactory.java:43)
  at com.lightbend.lagom.javadsl.jackson.JacksonModule.bindings(JacksonModule.scala:15):
Binding(class com.lightbend.lagom.javadsl.jackson.JacksonSerializerFactory to self) (via modules: com.google.inject.util.Modules$OverrideModule -> play.api.inject.guice.GuiceableModuleConversions$$anon$4)
  while locating com.lightbend.lagom.javadsl.jackson.JacksonSerializerFactory
    for the 3rd parameter of com.lightbend.lagom.internal.javadsl.server.JavadslServerBuilder.<init>(JavadslServerBuilder.scala:41)
  while locating com.lightbend.lagom.internal.javadsl.server.JavadslServerBuilder
    for field at com.lightbend.lagom.internal.javadsl.server.ResolvedServicesProvider.serverBuilder(JavadslServerBuilder.scala:114)
  at com.lightbend.lagom.javadsl.server.ServiceGuiceSupport$LagomServiceBuilder.bind(ServiceGuiceSupport.java:153) (via modules: com.google.inject.util.Modules$OverrideModule -> com.apuex.greeting.mapping.h2g.ServiceModule)
Caused by: scala.MatchError (same stack trace as error #3)
5) Error in custom provider, scala.MatchError: akka.tcp://greeting@192.168.0.78: (of class java.lang.String)
  while locating play.api.libs.concurrent.ActorSystemProvider
  while locating akka.actor.ActorSystem
    for field at play.api.libs.concurrent.ActorRefProvider.actorSystem(Akka.scala:238)
  while locating play.api.libs.concurrent.ActorRefProvider
  at com.google.inject.util.Providers$GuicifiedProviderWithDependencies.initialize(Providers.java:154)
  at play.api.libs.concurrent.AkkaGuiceSupport.bindActor(AkkaGuiceSupport.scala:64) (via modules: com.google.inject.util.Modules$OverrideModule -> com.apuex.greeting.mapping.h2g.MappingModule)
Caused by: scala.MatchError: akka.tcp://greeting@192.168.0.78: (of class java.lang.String)
	at akka.cluster.ClusterSettings.$anonfun$SeedNodes$1(ClusterSettings.scala:81)
	at scala.collection.TraversableLike.$anonfun$map$1(TraversableLike.scala:237)
	at scala.collection.Iterator.foreach(Iterator.scala:941)
	at scala.collection.Iterator.foreach$(Iterator.scala:941)
	at scala.collection.AbstractIterator.foreach(Iterator.scala:1429)
	at scala.collection.IterableLike.foreach(IterableLike.scala:74)
	at scala.collection.IterableLike.foreach$(IterableLike.scala:73)
	at scala.collection.AbstractIterable.foreach(Iterable.scala:56)
	at scala.collection.TraversableLike.map(TraversableLike.scala:237)
	at scala.collection.TraversableLike.map$(TraversableLike.scala:230)
	at scala.collection.AbstractTraversable.map(Traversable.scala:108)
	at akka.cluster.ClusterSettings.<init>(ClusterSettings.scala:81)
	at akka.cluster.Cluster.<init>(Cluster.scala:62)
	at akka.cluster.Cluster$.createExtension(Cluster.scala:37)
	at akka.cluster.Cluster$.createExtension(Cluster.scala:32)
	at akka.actor.ActorSystemImpl.registerExtension(ActorSystem.scala:1007)
	at akka.actor.ExtensionId.apply(Extension.scala:79)
	at akka.actor.ExtensionId.apply$(Extension.scala:78)
	at akka.cluster.Cluster$.apply(Cluster.scala:32)
	at akka.cluster.ClusterActorRefProvider.createRemoteWatcher(ClusterActorRefProvider.scala:45)
	at akka.remote.RemoteActorRefProvider.init(RemoteActorRefProvider.scala:235)
	at akka.cluster.ClusterActorRefProvider.init(ClusterActorRefProvider.scala:37)
	at akka.actor.ActorSystemImpl.liftedTree2$1(ActorSystem.scala:913)
	at akka.actor.ActorSystemImpl._start$lzycompute(ActorSystem.scala:909)
	at akka.actor.ActorSystemImpl._start(ActorSystem.scala:909)
	at akka.actor.ActorSystemImpl.start(ActorSystem.scala:931)
	at akka.actor.ActorSystem$.apply(ActorSystem.scala:258)
	at play.api.libs.concurrent.ActorSystemProvider$.start(Akka.scala:204)
	at play.api.libs.concurrent.ActorSystemProvider$.start(Akka.scala:143)
	at play.api.libs.concurrent.ActorSystemProvider.get$lzycompute(Akka.scala:109)
	at play.api.libs.concurrent.ActorSystemProvider.get(Akka.scala:109)
	at play.api.libs.concurrent.ActorSystemProvider.get(Akka.scala:106)
	at com.google.inject.internal.ProviderInternalFactory.provision(ProviderInternalFactory.java:85)
	at com.google.inject.internal.BoundProviderFactory.provision(BoundProviderFactory.java:77)
	at com.google.inject.internal.ProviderInternalFactory.circularGet(ProviderInternalFactory.java:59)
	at com.google.inject.internal.BoundProviderFactory.get(BoundProviderFactory.java:61)
	at com.google.inject.internal.SingleFieldInjector.inject(SingleFieldInjector.java:52)
	at com.google.inject.internal.MembersInjectorImpl.injectMembers(MembersInjectorImpl.java:147)
	at com.google.inject.internal.MembersInjectorImpl.injectAndNotify(MembersInjectorImpl.java:101)
	at com.google.inject.internal.MembersInjectorImpl.injectMembers(MembersInjectorImpl.java:71)
	at com.google.inject.internal.InjectorImpl.injectMembers(InjectorImpl.java:1014)
	at com.google.inject.util.Providers$GuicifiedProviderWithDependencies.initialize(Providers.java:154)
	at com.google.inject.util.Providers$GuicifiedProviderWithDependencies$$FastClassByGuice$$2a7177aa.invoke(<generated>)
	at com.google.inject.internal.SingleMethodInjector$1.invoke(SingleMethodInjector.java:51)
	at com.google.inject.internal.SingleMethodInjector.inject(SingleMethodInjector.java:85)
	at com.google.inject.internal.MembersInjectorImpl.injectMembers(MembersInjectorImpl.java:147)
	at com.google.inject.internal.MembersInjectorImpl.injectAndNotify(MembersInjectorImpl.java:101)
	at com.google.inject.internal.Initializer$InjectableReference.get(Initializer.java:245)
	at com.google.inject.internal.Initializer.injectAll(Initializer.java:140)
	at com.google.inject.internal.InternalInjectorCreator.injectDynamically(InternalInjectorCreator.java:176)
	at com.google.inject.internal.InternalInjectorCreator.build(InternalInjectorCreator.java:109)
	at com.google.inject.Guice.createInjector(Guice.java:87)
	at com.google.inject.Guice.createInjector(Guice.java:78)
	at play.api.inject.guice.GuiceBuilder.injector(GuiceInjectorBuilder.scala:201)
	at play.api.inject.guice.GuiceApplicationBuilder.build(GuiceApplicationBuilder.scala:156)
	at play.api.inject.guice.GuiceApplicationLoader.load(GuiceApplicationLoader.scala:22)
	at play.core.server.ProdServerStart$.start(ProdServerStart.scala:59)
	at play.core.server.ProdServerStart$.main(ProdServerStart.scala:31)
	at play.core.server.ProdServerStart.main(ProdServerStart.scala)

5 errors
	at com.google.inject.internal.Errors.throwCreationExceptionIfErrorsExist(Errors.java:543)
	at com.google.inject.internal.InternalInjectorCreator.injectDynamically(InternalInjectorCreator.java:178)
	at com.google.inject.internal.InternalInjectorCreator.build(InternalInjectorCreator.java:109)
	at com.google.inject.Guice.createInjector(Guice.java:87)
	at com.google.inject.Guice.createInjector(Guice.java:78)
	at play.api.inject.guice.GuiceBuilder.injector(GuiceInjectorBuilder.scala:201)
	at play.api.inject.guice.GuiceApplicationBuilder.build(GuiceApplicationBuilder.scala:156)
	at play.api.inject.guice.GuiceApplicationLoader.load(GuiceApplicationLoader.scala:22)
	at play.core.server.ProdServerStart$.start(ProdServerStart.scala:59)
	at play.core.server.ProdServerStart$.main(ProdServerStart.scala:31)
	at play.core.server.ProdServerStart.main(ProdServerStart.scala)
